// Create a function Employee, having id, name, basic_Salary as arguments.

// Compute HRA, DA, TA, GS, NS.

// HRA is 30% of Basic Salary.
// DA is 10% of Basic Salary.
// TA is 20% of Basic Salary.

// GS = Basic Salary + HRA + DA + TA;

// TAX DEDUCTION is 10% of GS.

// NS = GS - TAX DEDUCTION.

// NOte : Use Basic Salary in Lexical Scope 
// Print salary slip of the employee.



function  employee(id , name , basic_sal) {
    // to calculate the hra , da , ta

    var hra = 0.3 * basic_sal;
    var da  = 0.1 * basic_sal;
   
    var ta = 0.2 *  basic_sal;
    var gs = basic_sal + hra + da + ta;
    var taxDeduction = 0.1 * gs; 

    var ns = gs - taxDeduction; 

    console.log("Salary Slip");
    console.log( id);
    console.log(name);
    console.log( basic_sal);
    console.log( hra);
    console.log( da);
    console.log( ta);
    console.log( gs);
    console.log( taxDeduction);
    console.log( ns);
}

undefined
employee(1, "John", 5000);

VM396:32 Salary Slip
VM396:33 1
VM396:34 John
VM396:35 5000
VM396:36 1500
VM396:37 500
VM396:38 1000
VM396:39 8000
VM396:40 800
VM396:41 7200
undefined
employee(2, "karan", 9000);

VM396:32 Salary Slip
VM396:33 2
VM396:34 karan
VM396:35 9000
VM396:36 2700
VM396:37 900
VM396:38 1800
VM396:39 14400
VM396:40 1440
VM396:41 12960
undefined
employee(3, "paul", 18500);
employee(4, "david", 6800);
VM396:32 Salary Slip
VM396:33 3
VM396:34 paul
VM396:35 18500
VM396:36 5550
VM396:37 1850
VM396:38 3700
VM396:39 29600
VM396:40 2960
VM396:41 26640
VM396:32 Salary Slip
VM396:33 4
VM396:34 david
VM396:35 6800
VM396:36 2040
VM396:37 680
VM396:38 1360
VM396:39 10880
VM396:40 1088
VM396:41 9792
undefined
