//2.Write a JavaScript program to get the current date.
//Expected Output :
//mm-dd-yyyy, mm/dd/yyyy or dd-mm-yyyy, dd/mm/yyyy

    //   Solution

function currentDate(){
    
    var obj1 = new Date();
    var toDate = obj1.getDate();
    var toMonth = obj1.getMonth();
    var toYear = obj1.getFullYear();
    console.log(`${toMonth}-${toDate}-${toYear}`);
    console.log(`${toMonth}/${toDate}/${toYear}`);
    console.log(`${toDate}-${toMonth}-${toYear}`);
    console.log(`${toDate}/${toMonth}/${toYear}`);
}
undefined
currentDate();
VM60:13 6-2-2023
VM60:14 6/2/2023
VM60:15 2-6-2023
VM60:16 2/6/2023
undefined
