// Write a JS Function to find the occurrence of each character in JS
// Input : “brain mentors”
// O/P : b 1
// r 2
// A 1
// I 1
// N 2
// M 1
// E 1
// T 1
// O 1
// S 1


function countOccurrences(str) {
  const occurrences = new Map();

  // Remove whitespace from the string
  const trimmedStr = str.replace(/\s/g, '');

  // Loop through each character in the string
  for (let char of trimmedStr) {
    // If the character is already in the Map, increment its count
    if (occurrences.has(char)) {
      occurrences.set(char, occurrences.get(char) + 1);
    }
    // Otherwise, add it to the Map with a count of 1
    else {
      occurrences.set(char, 1);
    }
  }

  // Print the occurrences
  for (let [char, count] of occurrences) {
    console.log(char, count);
  }
}

// Example usage:
const input = 'brain mentors';
countOccurrences(input);
VM223:35 b 1
VM223:35 r 2
VM223:35 a 1
VM223:35 i 1
VM223:35 n 2
VM223:35 m 1
VM223:35 e 1
VM223:35 t 1
VM223:35 o 1
VM223:35 s 1
undefined
